<?xml version="1.0" encoding="UTF-8"?>
<testng-results ignored="0" total="1" passed="1" failed="0" skipped="0">
  <reporter-output>
  </reporter-output>
  <suite started-at="2024-04-13T02:11:01 BDT" name="Suite" finished-at="2024-04-13T02:11:22 BDT" duration-ms="21652">
    <groups>
      <group name="Regression">
        <method signature="Test_Form.FormTest(java.util.HashMap)[pri:0, instance:tests.Test_Form@20ca951f]" name="FormTest" class="tests.Test_Form"/>
      </group> <!-- Regression -->
    </groups>
    <test started-at="2024-04-13T02:11:01 BDT" name="FORM TEST" finished-at="2024-04-13T02:11:22 BDT" duration-ms="21652">
      <class name="tests.Test_Form">
        <test-method is-config="true" signature="ConfigureAppium()[pri:0, instance:tests.Test_Form@20ca951f]" started-at="2024-04-13T02:11:01 BDT" name="ConfigureAppium" finished-at="2024-04-13T02:11:14 BDT" duration-ms="12647" status="PASS">
          <reporter-output>
          </reporter-output>
        </test-method> <!-- ConfigureAppium -->
        <test-method signature="FormTest(java.util.HashMap)[pri:0, instance:tests.Test_Form@20ca951f]" started-at="2024-04-13T02:11:14 BDT" name="FormTest" data-provider="getData" finished-at="2024-04-13T02:11:21 BDT" duration-ms="6979" status="PASS">
          <params>
            <param index="0">
              <value>
                <![CDATA[{date=12/04/2024, validation_text=Thank you for validating your ticket, phone=012-3456789, payment_method=card}]]>
              </value>
            </param>
          </params>
          <reporter-output>
          </reporter-output>
        </test-method> <!-- FormTest -->
        <test-method is-config="true" signature="tearDown()[pri:0, instance:tests.Test_Form@20ca951f]" started-at="2024-04-13T02:11:21 BDT" name="tearDown" finished-at="2024-04-13T02:11:22 BDT" duration-ms="1589" status="PASS">
          <reporter-output>
          </reporter-output>
        </test-method> <!-- tearDown -->
      </class> <!-- tests.Test_Form -->
    </test> <!-- FORM TEST -->
  </suite> <!-- Suite -->
</testng-results>
